app/build/intermediates/manifest_merge_blame_file/debug/manifest-merger-blame-debug-report.txt
1<?xml version="1.0" encoding="utf-8"?>
2<manifest xmlns:android="http://schemas.android.com/apk/res/android"
3    package="com.example.projetinhocomtudob"
4    android:versionCode="1"
5    android:versionName="1.0" >
6
7    <uses-sdk
8        android:minSdkVersion="15"
8-->src\main\AndroidManifest.xml
9        android:targetSdkVersion="29" />
9-->src\main\AndroidManifest.xml
10
11    <application
11-->src\main\AndroidManifest.xml:5:5-20:19
12        android:allowBackup="true"
12-->src\main\AndroidManifest.xml:6:9-35
13        android:appComponentFactory="androidx.core.app.CoreComponentFactory"
13-->[androidx.core:core:1.0.1] AndroidManifest.xml:22:18-86
14        android:debuggable="true"
15        android:icon="@mipmap/ic_launcher"
15-->src\main\AndroidManifest.xml:7:9-43
16        android:label="@string/app_name"
16-->src\main\AndroidManifest.xml:8:9-41
17        android:roundIcon="@mipmap/ic_launcher_round"
17-->src\main\AndroidManifest.xml:9:9-54
18        android:supportsRtl="true"
18-->src\main\AndroidManifest.xml:10:9-35
19        android:theme="@style/AppTheme" >
19-->src\main\AndroidManifest.xml:11:9-40
20        <activity android:name="com.example.projetinhocomtudob.uiviews.CadastroActivity" />
20-->src\main\AndroidManifest.xml:12:9-71
20-->src\main\AndroidManifest.xml:12:19-59
21        <activity android:name="com.example.projetinhocomtudob.uiviews.MainActivity" >
21-->src\main\AndroidManifest.xml:13:9-19:20
21-->src\main\AndroidManifest.xml:13:19-55
22            <intent-filter>
22-->src\main\AndroidManifest.xml:14:13-18:29
23                <action android:name="android.intent.action.MAIN" />
23-->src\main\AndroidManifest.xml:15:17-69
23-->src\main\AndroidManifest.xml:15:25-66
24
25                <category android:name="android.intent.category.LAUNCHER" />
25-->src\main\AndroidManifest.xml:17:17-77
25-->src\main\AndroidManifest.xml:17:27-74
26            </intent-filter>
27        </activity>
28
29        <provider
29-->[androidx.lifecycle:lifecycle-process:2.0.0] AndroidManifest.xml:23:9-27:43
30            android:name="androidx.lifecycle.ProcessLifecycleOwnerInitializer"
30-->[androidx.lifecycle:lifecycle-process:2.0.0] AndroidManifest.xml:24:13-79
31            android:authorities="com.example.projetinhocomtudob.lifecycle-process"
31-->[androidx.lifecycle:lifecycle-process:2.0.0] AndroidManifest.xml:25:13-69
32            android:exported="false"
32-->[androidx.lifecycle:lifecycle-process:2.0.0] AndroidManifest.xml:26:13-37
33            android:multiprocess="true" />
33-->[androidx.lifecycle:lifecycle-process:2.0.0] AndroidManifest.xml:27:13-40
34    </application>
35
36</manifest>